This is pdfTeX, Version 3.14159265-2.6-1.40.18 (TeX Live 2017/Debian) (preloaded format=pdflatex 2020.3.17)  13 MAY 2020 18:38
entering extended mode
 restricted \write18 enabled.
 %&-line parsing enabled.
**Auto-Generated-Piece.tex
(./Auto-Generated-Piece.tex
LaTeX2e <2017-04-15>
Babel <3.18> and hyphenation patterns for 84 language(s) loaded.
(/usr/share/texlive/texmf-dist/tex/latex/base/article.cls
Document Class: article 2014/09/29 v1.4h Standard LaTeX document class
(/usr/share/texlive/texmf-dist/tex/latex/base/size10.clo
File: size10.clo 2014/09/29 v1.4h Standard LaTeX file (size option)
)
\c@part=\count79
\c@section=\count80
\c@subsection=\count81
\c@subsubsection=\count82
\c@paragraph=\count83
\c@subparagraph=\count84
\c@figure=\count85
\c@table=\count86
\abovecaptionskip=\skip41
\belowcaptionskip=\skip42
\bibindent=\dimen102
)
(/usr/share/texlive/texmf-dist/tex/generic/babel/babel.sty
Package: babel 2018/02/14 3.18 The Babel package

(/usr/share/texlive/texmf-dist/tex/generic/babel/switch.def
File: switch.def 2018/02/14 3.18 Babel switching mechanism
)
(/usr/share/texlive/texmf-dist/tex/generic/babel-english/english.ldf
Language: english 2017/06/06 v3.3r English support from the babel system

(/usr/share/texlive/texmf-dist/tex/generic/babel/babel.def
File: babel.def 2018/02/14 3.18 Babel common definitions
\babel@savecnt=\count87
\U@D=\dimen103

(/usr/share/texlive/texmf-dist/tex/generic/babel/txtbabel.def)
\bbl@dirlevel=\count88
)
\l@canadian = a dialect from \language\l@american 
\l@australian = a dialect from \language\l@british 
\l@newzealand = a dialect from \language\l@british 
))
(/usr/share/texlive/texmf-dist/tex/latex/graphics/graphicx.sty
Package: graphicx 2017/06/01 v1.1a Enhanced LaTeX Graphics (DPC,SPQR)

(/usr/share/texlive/texmf-dist/tex/latex/graphics/keyval.sty
Package: keyval 2014/10/28 v1.15 key=value parser (DPC)
\KV@toks@=\toks14
)
(/usr/share/texlive/texmf-dist/tex/latex/graphics/graphics.sty
Package: graphics 2017/06/25 v1.2c Standard LaTeX Graphics (DPC,SPQR)

(/usr/share/texlive/texmf-dist/tex/latex/graphics/trig.sty
Package: trig 2016/01/03 v1.10 sin cos tan (DPC)
)
(/usr/share/texlive/texmf-dist/tex/latex/graphics-cfg/graphics.cfg
File: graphics.cfg 2016/06/04 v1.11 sample graphics configuration
)
Package graphics Info: Driver file: pdftex.def on input line 99.

(/usr/share/texlive/texmf-dist/tex/latex/graphics-def/pdftex.def
File: pdftex.def 2018/01/08 v1.0l Graphics/color driver for pdftex
))
\Gin@req@height=\dimen104
\Gin@req@width=\dimen105
)
(/usr/share/texlive/texmf-dist/tex/latex/musixtex/musixtex.sty
(/usr/share/texlive/texmf-dist/tex/generic/musixtex/musixtex.tex
MusiXTeX(c) 1.27 <2017-12-26>
\n@i=\count89
\n@ii=\count90
\n@iii=\count91
\n@iv=\count92
\n@v=\count93
\n@vi=\count94
\n@vii=\count95
\n@viii=\count96
\count@=\count97
\toks@box=\box26
\w@rkbox=\box27
\n@otebox=\box28
\y@=\dimen106
\y@i=\dimen107
\y@ii=\dimen108
\y@iii=\dimen109
\y@iv=\dimen110
\y@v=\dimen111
\group@no=\count98
\interinstrument=\dimen112
\N@s=\count99
\s@Y=\dimen113
\lin@pos=\dimen114
\meet@minus@n@iv=\count100
\interbeam=\dimen115
\b@amthick=\dimen116
\Interligne=\dimen117
\Internote=\dimen118
\ch@box=\box29
\musicsize=\count101
\qd@skip=\dimen119
\qn@width=\dimen120
\wn@width=\dimen121
\txt@ff=\skip43
\s@indent=\skip44
\big@spc=\skip45
\lthick=\dimen122
\afterruleskip=\skip46
\staffbotmarg=\dimen123
\stafftopmarg=\dimen124
\line@width=\dimen125
\interportee=\dimen126
\noport@@=\count102
\noinstrum@nt=\count103
\altportee=\dimen127
\systemheight=\dimen128
\altplancher=\dimen129
\instrum@in@group=\skip47
\boxitsep=\skip48
\barsinpi@c@=\count104
\barno=\count105
\startbarno=\count106
\sign@skip=\dimen130
\maxsign@skip=\dimen131
\x@skip=\dimen132
\n@skip=\dimen133
\beforeruleskip=\skip49
\widthtyp@=\count107
\lastbarno=\count108
\cut@v=\skip50
\init@volta@pos=\skip51
\volta@startcor=\skip52
\volta@endcor=\skip53
\writ@volta@box=\box30
\barsinlin@=\count109
\maxbarsinlin@=\count110
\lastbarpos=\skip54
\ut@ref=\count111
\meterskip=\skip55
\t@c=\toks15
\clef@skip=\skip56
\noteskip=\dimen134
\transpose=\count112
\normaltranspose=\count113
\locx@skip=\dimen135
\elemskip=\dimen136
\@l@mskip=\dimen137
\inh@alt=\count114
\st@bot=\dimen138
\st@top=\dimen139
\stem@skip=\dimen140
\s@lope=\dimen141
\y@vi=\dimen142
\lift@rest=\dimen143
\accshift=\skip57
\@icresc=\skip58
\pdl@pos=\dimen144
\bigwedgebox=\box31
\@itrillei=\skip59
\@itrilleii=\skip60
\@itrilleiii=\skip61
\@itrilleiv=\skip62
\@itrillev=\skip63
\@itrillevi=\skip64
\tr@number=\count115
\tr@nspose=\count116
\o@swz=\toks16
\o@number=\count117
\y@vii=\dimen145
\y@viii=\dimen146
\y@ix=\dimen147
\tuptxtb@x=\box32
\notes@open=\count118
\k@ii=\skip65
\i@ni=\dimen148
\b@xi=\dimen149
\b@zi=\dimen150
\c@xi=\dimen151
\c@zi=\skip66
\d@xi=\dimen152
\d@zi=\skip67
\e@xi=\dimen153
\e@zi=\skip68
\b@pi=\count119
\b@ni=\count120
\n@pi=\count121
\a@si=\count122
\o@si=\count123
\a@ci=\toks17
\o@ci=\toks18
\m@ti=\toks19
\k@iii=\skip69
\i@nii=\dimen154
\b@xii=\dimen155
\b@zii=\dimen156
\c@xii=\dimen157
\c@zii=\skip70
\d@xii=\dimen158
\d@zii=\skip71
\e@xii=\dimen159
\e@zii=\skip72
\b@pii=\count124
\b@nii=\count125
\n@pii=\count126
\a@sii=\count127
\o@sii=\count128
\a@cii=\toks20
\o@cii=\toks21
\m@tii=\toks22
\k@iiii=\skip73
\i@niii=\dimen160
\b@xiii=\dimen161
\b@ziii=\dimen162
\c@xiii=\dimen163
\c@ziii=\skip74
\d@xiii=\dimen164
\d@ziii=\skip75
\e@xiii=\dimen165
\e@ziii=\skip76
\b@piii=\count129
\b@niii=\count130
\n@piii=\count131
\a@siii=\count132
\o@siii=\count133
\a@ciii=\toks23
\o@ciii=\toks24
\m@tiii=\toks25
\k@iiv=\skip77
\i@niv=\dimen166
\b@xiv=\dimen167
\b@ziv=\dimen168
\c@xiv=\dimen169
\c@ziv=\skip78
\d@xiv=\dimen170
\d@ziv=\skip79
\e@xiv=\dimen171
\e@ziv=\skip80
\b@piv=\count134
\b@niv=\count135
\n@piv=\count136
\a@siv=\count137
\o@siv=\count138
\a@civ=\toks26
\o@civ=\toks27
\m@tiv=\toks28
\k@iv=\skip81
\i@nv=\dimen172
\b@xv=\dimen173
\b@zv=\dimen174
\c@xv=\dimen175
\c@zv=\skip82
\d@xv=\dimen176
\d@zv=\skip83
\e@xv=\dimen177
\e@zv=\skip84
\b@pv=\count139
\b@nv=\count140
\n@pv=\count141
\a@sv=\count142
\o@sv=\count143
\a@cv=\toks29
\o@cv=\toks30
\m@tv=\toks31
\k@ivi=\skip85
\i@nvi=\dimen178
\b@xvi=\dimen179
\b@zvi=\dimen180
\c@xvi=\dimen181
\c@zvi=\skip86
\d@xvi=\dimen182
\d@zvi=\skip87
\e@xvi=\dimen183
\e@zvi=\skip88
\b@pvi=\count144
\b@nvi=\count145
\n@pvi=\count146
\a@svi=\count147
\o@svi=\count148
\a@cvi=\toks32
\o@cvi=\toks33
\m@tvi=\toks34
maxinstruments=6
\f@xi=\dimen184
\f@zi=\skip89
\f@xii=\dimen185
\f@zii=\skip90
\f@xiii=\dimen186
\f@ziii=\skip91
\f@xiv=\dimen187
\f@ziv=\skip92
\f@xv=\dimen188
\f@zv=\skip93
\f@xvi=\dimen189
\f@zvi=\skip94
 max128beams=6
\g@bi=\skip95
\g@hi=\skip96
\g@bii=\skip97
\g@hii=\skip98
\g@biii=\skip99
\g@hiii=\skip100
 maxgroups=3
\s@xi=\dimen190
\s@si=\toks35
\s@Yi=\dimen191
\s@ai=\skip101
\s@yi=\count149
\s@Ni=\count150
\s@zi=\count151
\s@di=\toks36
\s@xii=\dimen192
\s@sii=\toks37
\s@Yii=\dimen193
\s@aii=\skip102
\s@yii=\count152
\s@Nii=\count153
\s@zii=\count154
\s@dii=\toks38
\s@xiii=\dimen194
\s@siii=\toks39
\s@Yiii=\dimen195
\s@aiii=\skip103
\s@yiii=\count155
\s@Niii=\count156
\s@ziii=\count157
\s@diii=\toks40
\s@xiv=\dimen196
\s@siv=\toks41
\s@Yiv=\dimen197
\s@aiv=\skip104
\s@yiv=\count158
\s@Niv=\count159
\s@ziv=\count160
\s@div=\toks42
\s@xv=\dimen198
\s@sv=\toks43
\s@Yv=\dimen199
\s@av=\skip105
\s@yv=\count161
\s@Nv=\count162
\s@zv=\count163
\s@dv=\toks44
\s@xvi=\dimen256
\s@svi=\toks45
\s@Yvi=\dimen257
\s@avi=\skip106
\s@yvi=\count164
\s@Nvi=\count165
\s@zvi=\count166
\s@dvi=\toks46
 maxslurs=6
\tr@xi=\skip107
\tr@swi=\toks47
\tr@yi=\skip108
\tr@xii=\skip109
\tr@swii=\toks48
\tr@yii=\skip110
\tr@xiii=\skip111
\tr@swiii=\toks49
\tr@yiii=\skip112
\tr@xiv=\skip113
\tr@swiv=\toks50
\tr@yiv=\skip114
\tr@xv=\skip115
\tr@swv=\toks51
\tr@yv=\skip116
\tr@xvi=\skip117
\tr@swvi=\toks52
\tr@yvi=\skip118
 maxtrills=6
\o@xi=\skip119
\o@yi=\skip120
\o@swi=\toks53
\o@xii=\skip121
\o@yii=\skip122
\o@swii=\toks54
\o@xiii=\skip123
\o@yiii=\skip124
\o@swiii=\toks55
\o@xiv=\skip125
\o@yiv=\skip126
\o@swiv=\toks56
\o@xv=\skip127
\o@yv=\skip128
\o@swv=\toks57
\o@xvi=\skip129
\o@yvi=\skip130
\o@swvi=\toks58

maxoctlines=6
\outmux=\write3
\mulooseness=\count167
\linegoal=\count168
\l@eftrightbox=\box33
\inmux=\read1
) (/usr/share/texlive/texmf-dist/tex/latex/musixtex/musixltx.tex
MusiXLaTeX T.125 <8 April 2017>
)) (/usr/share/texlive/texmf-dist/tex/latex/fundus-calligra/calligra.sty
Package: calligra 2012/04/10 v1.9 LaTeX package calligra
)
(./Auto-Generated-Piece.aux)
\openout1 = `Auto-Generated-Piece.aux'.

LaTeX Font Info:    Checking defaults for OML/cmm/m/it on input line 14.
LaTeX Font Info:    ... okay on input line 14.
LaTeX Font Info:    Checking defaults for T1/cmr/m/n on input line 14.
LaTeX Font Info:    ... okay on input line 14.
LaTeX Font Info:    Checking defaults for OT1/cmr/m/n on input line 14.
LaTeX Font Info:    ... okay on input line 14.
LaTeX Font Info:    Checking defaults for OMS/cmsy/m/n on input line 14.
LaTeX Font Info:    ... okay on input line 14.
LaTeX Font Info:    Checking defaults for OMX/cmex/m/n on input line 14.
LaTeX Font Info:    ... okay on input line 14.
LaTeX Font Info:    Checking defaults for U/cmr/m/n on input line 14.
LaTeX Font Info:    ... okay on input line 14.

(/usr/share/texlive/texmf-dist/tex/context/base/mkii/supp-pdf.mkii
[Loading MPS to PDF converter (version 2006.09.02).]
\scratchcounter=\count169
\scratchdimen=\dimen258
\scratchbox=\box34
\nofMPsegments=\count170
\nofMParguments=\count171
\everyMPshowfont=\toks59
\MPscratchCnt=\count172
\MPscratchDim=\dimen259
\MPnumerator=\count173
\makeMPintoPDFobject=\count174
\everyMPtoPDFconversion=\toks60
) (/usr/share/texlive/texmf-dist/tex/latex/oberdiek/epstopdf-base.sty
Package: epstopdf-base 2016/05/15 v2.6 Base part for package epstopdf

(/usr/share/texlive/texmf-dist/tex/generic/oberdiek/infwarerr.sty
Package: infwarerr 2016/05/16 v1.4 Providing info/warning/error messages (HO)
)
(/usr/share/texlive/texmf-dist/tex/latex/oberdiek/grfext.sty
Package: grfext 2016/05/16 v1.2 Manage graphics extensions (HO)

(/usr/share/texlive/texmf-dist/tex/generic/oberdiek/kvdefinekeys.sty
Package: kvdefinekeys 2016/05/16 v1.4 Define keys (HO)

(/usr/share/texlive/texmf-dist/tex/generic/oberdiek/ltxcmds.sty
Package: ltxcmds 2016/05/16 v1.23 LaTeX kernel commands for general use (HO)
)))
(/usr/share/texlive/texmf-dist/tex/latex/oberdiek/kvoptions.sty
Package: kvoptions 2016/05/16 v3.12 Key value format for package options (HO)

(/usr/share/texlive/texmf-dist/tex/generic/oberdiek/kvsetkeys.sty
Package: kvsetkeys 2016/05/16 v1.17 Key value parser (HO)

(/usr/share/texlive/texmf-dist/tex/generic/oberdiek/etexcmds.sty
Package: etexcmds 2016/05/16 v1.6 Avoid name clashes with e-TeX commands (HO)

(/usr/share/texlive/texmf-dist/tex/generic/oberdiek/ifluatex.sty
Package: ifluatex 2016/05/16 v1.4 Provides the ifluatex switch (HO)
Package ifluatex Info: LuaTeX not detected.
)
Package etexcmds Info: Could not find \expanded.
(etexcmds)             That can mean that you are not using pdfTeX 1.50 or
(etexcmds)             that some package has redefined \expanded.
(etexcmds)             In the latter case, load this package earlier.
)))
(/usr/share/texlive/texmf-dist/tex/generic/oberdiek/pdftexcmds.sty
Package: pdftexcmds 2018/01/21 v0.26 Utility functions of pdfTeX for LuaTeX (HO
)

(/usr/share/texlive/texmf-dist/tex/generic/oberdiek/ifpdf.sty
Package: ifpdf 2017/03/15 v3.2 Provides the ifpdf switch
)
Package pdftexcmds Info: LuaTeX not detected.
Package pdftexcmds Info: \pdf@primitive is available.
Package pdftexcmds Info: \pdf@ifprimitive is available.
Package pdftexcmds Info: \pdfdraftmode found.
)
Package epstopdf-base Info: Redefining graphics rule for `.eps' on input line 4
38.
Package grfext Info: Graphics extension search list:
(grfext)             [.pdf,.png,.jpg,.mps,.jpeg,.jbig2,.jb2,.PDF,.PNG,.JPG,.JPE
G,.JBIG2,.JB2,.eps]
(grfext)             \AppendGraphicsExtensions on input line 456.

(/usr/share/texlive/texmf-dist/tex/latex/latexconfig/epstopdf-sys.cfg
File: epstopdf-sys.cfg 2010/07/13 v1.3 Configuration of (r)epstopdf for TeX Liv
e
))
\openout3 = `Auto-Generated-Piece.mx1'.

LaTeX Font Info:    Font shape `T1/calligra/m/n' will be
(Font)              scaled to size 24.88324pt on input line 15.
LaTeX Font Info:    External font `cmex10' loaded for size
(Font)              <12> on input line 15.
LaTeX Font Info:    External font `cmex10' loaded for size
(Font)              <8> on input line 15.
LaTeX Font Info:    External font `cmex10' loaded for size
(Font)              <6> on input line 15.

(./Auto-Generated-Piece_music.tex bar 0 bar 1 bar 2 bar 3 bar 4 bar 5 bar 6
[1

{/var/lib/texmf/fonts/map/pdftex/updmap/pdftex.map}] bar 7 bar 8 bar 9
bar 10 bar 11 bar 12 bar 13 [2] bar 14 bar 15 bar 16 bar 17 bar 18 bar 19
bar 20 [3] bar 21 bar 22 bar 23 bar 24 bar 25 bar 26 bar 27 [4] bar 28 bar 29
bar 30 bar 31 bar 32 bar 33 bar 34 [5] bar 35 bar 36 bar 37 bar 38 bar 39
bar 40 bar 41 [6] bar 42 bar 43 bar 44 bar 45 bar 46 bar 47 bar 48 [7] bar 49
bar 50 bar 51 bar 52 bar 53 bar 54 bar 55 [8] bar 56) [9]
(./Auto-Generated-Piece.aux) ) 
Here is how much of TeX's memory you used:
 3912 strings out of 492982
 42412 string characters out of 6134896
 126921 words of memory out of 5000000
 7373 multiletter control sequences out of 15000+600000
 42035 words of font info for 146 fonts, out of 8000000 for 9000
 1141 hyphenation exceptions out of 8191
 42i,6n,25p,333b,287s stack positions out of 5000i,500n,10000p,200000b,80000s
</usr/share/texlive/texmf-dist/fonts/type1/public
/calligra-type1/callig15.pfb></usr/share/texlive/texmf-dist/fonts/type1/public/
amsfonts/cm/cmbx12.pfb></usr/share/texlive/texmf-dist/fonts/type1/public/amsfon
ts/cm/cmr12.pfb></usr/share/texlive/texmf-dist/fonts/type1/public/amsfonts/cm/c
mti10.pfb></usr/share/texlive/texmf-dist/fonts/type1/public/musixtex-fonts/musi
x20.pfb></usr/share/texlive/texmf-dist/fonts/type1/public/musixtex-fonts/musixs
px.pfb>
Output written on Auto-Generated-Piece.pdf (9 pages, 68355 bytes).
PDF statistics:
 58 PDF objects out of 1000 (max. 8388607)
 40 compressed objects within 1 object stream
 0 named destinations out of 1000 (max. 500000)
 1 words of extra memory for PDF output out of 10000 (max. 10000000)

